<?xml version="1.0" encoding="utf-8"?>
<test-run id="0" testcasecount="12" result="Passed" total="12" passed="12" failed="0" inconclusive="0" skipped="0" asserts="12" portable-engine-version="3.3.0.0" start-time="2016-07-16 06:33:28Z" end-time="2016-07-16 06:33:28Z" duration="0.268537">
  <test-suite type="Assembly" id="1017" name="CoreDocker.Core.Tests, Version=1.0.0.0, Culture=neutral, PublicKeyToken=null" fullname="CoreDocker.Core.Tests, Version=1.0.0.0, Culture=neutral, PublicKeyToken=null" runstate="Runnable" testcasecount="12" result="Passed" start-time="2016-07-16 06:33:28Z" end-time="2016-07-16 06:33:28Z" duration="0.104660" total="12" passed="12" failed="0" inconclusive="0" skipped="0" asserts="12">
    <settings>
      <setting name="WorkDirectory" value="D:\Work\Synced\CoreDocker\test\CoreDocker.Core.Tests" />
    </settings>
    <test-suite type="TestSuite" id="1018" name="CoreDocker" fullname="CoreDocker" runstate="Runnable" testcasecount="12" result="Passed" start-time="2016-07-16 06:33:28Z" end-time="2016-07-16 06:33:28Z" duration="0.096101" total="12" passed="12" failed="0" inconclusive="0" skipped="0" asserts="12">
      <test-suite type="TestSuite" id="1019" name="Core" fullname="CoreDocker.Core" runstate="Runnable" testcasecount="12" result="Passed" start-time="2016-07-16 06:33:28Z" end-time="2016-07-16 06:33:28Z" duration="0.095846" total="12" passed="12" failed="0" inconclusive="0" skipped="0" asserts="12">
        <test-suite type="TestSuite" id="1020" name="Tests" fullname="CoreDocker.Core.Tests" runstate="Runnable" testcasecount="12" result="Passed" start-time="2016-07-16 06:33:28Z" end-time="2016-07-16 06:33:28Z" duration="0.095700" total="12" passed="12" failed="0" inconclusive="0" skipped="0" asserts="12">
          <test-suite type="TestFixture" id="1000" name="CalculatorTests" fullname="CoreDocker.Core.Tests.CalculatorTests" classname="CoreDocker.Core.Tests.CalculatorTests" runstate="Runnable" testcasecount="12" result="Passed" start-time="2016-07-16 06:33:28Z" end-time="2016-07-16 06:33:28Z" duration="0.093457" total="12" passed="12" failed="0" inconclusive="0" skipped="0" asserts="12">
            <test-suite type="ParameterizedMethod" id="1004" name="CanAddNumbers" fullname="CoreDocker.Core.Tests.CalculatorTests.CanAddNumbers" classname="CoreDocker.Core.Tests.CalculatorTests" runstate="Runnable" testcasecount="3" result="Passed" start-time="2016-07-16 06:33:28Z" end-time="2016-07-16 06:33:28Z" duration="0.084954" total="3" passed="3" failed="0" inconclusive="0" skipped="0" asserts="3">
              <test-case id="1001" name="CanAddNumbers(1,1,2)" fullname="CoreDocker.Core.Tests.CalculatorTests.CanAddNumbers(1,1,2)" methodname="CanAddNumbers" classname="CoreDocker.Core.Tests.CalculatorTests" runstate="Runnable" seed="1455187532" result="Passed" start-time="2016-07-16 06:33:28Z" end-time="2016-07-16 06:33:28Z" duration="0.032689" asserts="1" />
              <test-case id="1002" name="CanAddNumbers(-1,-1,-2)" fullname="CoreDocker.Core.Tests.CalculatorTests.CanAddNumbers(-1,-1,-2)" methodname="CanAddNumbers" classname="CoreDocker.Core.Tests.CalculatorTests" runstate="Runnable" seed="183063806" result="Passed" start-time="2016-07-16 06:33:28Z" end-time="2016-07-16 06:33:28Z" duration="0.000081" asserts="1" />
              <test-case id="1003" name="CanAddNumbers(100,5,105)" fullname="CoreDocker.Core.Tests.CalculatorTests.CanAddNumbers(100,5,105)" methodname="CanAddNumbers" classname="CoreDocker.Core.Tests.CalculatorTests" runstate="Runnable" seed="2093956413" result="Passed" start-time="2016-07-16 06:33:28Z" end-time="2016-07-16 06:33:28Z" duration="0.000046" asserts="1" />
            </test-suite>
            <test-suite type="ParameterizedMethod" id="1016" name="CanDivide" fullname="CoreDocker.Core.Tests.CalculatorTests.CanDivide" classname="CoreDocker.Core.Tests.CalculatorTests" runstate="Runnable" testcasecount="3" result="Passed" start-time="2016-07-16 06:33:28Z" end-time="2016-07-16 06:33:28Z" duration="0.001802" total="3" passed="3" failed="0" inconclusive="0" skipped="0" asserts="3">
              <test-case id="1013" name="CanDivide(1,1,1)" fullname="CoreDocker.Core.Tests.CalculatorTests.CanDivide(1,1,1)" methodname="CanDivide" classname="CoreDocker.Core.Tests.CalculatorTests" runstate="Runnable" seed="1385639414" result="Passed" start-time="2016-07-16 06:33:28Z" end-time="2016-07-16 06:33:28Z" duration="0.000298" asserts="1" />
              <test-case id="1014" name="CanDivide(-1,-1,1)" fullname="CoreDocker.Core.Tests.CalculatorTests.CanDivide(-1,-1,1)" methodname="CanDivide" classname="CoreDocker.Core.Tests.CalculatorTests" runstate="Runnable" seed="2132038741" result="Passed" start-time="2016-07-16 06:33:28Z" end-time="2016-07-16 06:33:28Z" duration="0.000071" asserts="1" />
              <test-case id="1015" name="CanDivide(100,5,20)" fullname="CoreDocker.Core.Tests.CalculatorTests.CanDivide(100,5,20)" methodname="CanDivide" classname="CoreDocker.Core.Tests.CalculatorTests" runstate="Runnable" seed="91966481" result="Passed" start-time="2016-07-16 06:33:28Z" end-time="2016-07-16 06:33:28Z" duration="0.000054" asserts="1" />
            </test-suite>
            <test-suite type="ParameterizedMethod" id="1012" name="CanMultiply" fullname="CoreDocker.Core.Tests.CalculatorTests.CanMultiply" classname="CoreDocker.Core.Tests.CalculatorTests" runstate="Runnable" testcasecount="3" result="Passed" start-time="2016-07-16 06:33:28Z" end-time="2016-07-16 06:33:28Z" duration="0.001551" total="3" passed="3" failed="0" inconclusive="0" skipped="0" asserts="3">
              <test-case id="1009" name="CanMultiply(1,1,1)" fullname="CoreDocker.Core.Tests.CalculatorTests.CanMultiply(1,1,1)" methodname="CanMultiply" classname="CoreDocker.Core.Tests.CalculatorTests" runstate="Runnable" seed="1278170530" result="Passed" start-time="2016-07-16 06:33:28Z" end-time="2016-07-16 06:33:28Z" duration="0.000278" asserts="1" />
              <test-case id="1010" name="CanMultiply(-1,-1,1)" fullname="CoreDocker.Core.Tests.CalculatorTests.CanMultiply(-1,-1,1)" methodname="CanMultiply" classname="CoreDocker.Core.Tests.CalculatorTests" runstate="Runnable" seed="1067204145" result="Passed" start-time="2016-07-16 06:33:28Z" end-time="2016-07-16 06:33:28Z" duration="0.000048" asserts="1" />
              <test-case id="1011" name="CanMultiply(100,5,500)" fullname="CoreDocker.Core.Tests.CalculatorTests.CanMultiply(100,5,500)" methodname="CanMultiply" classname="CoreDocker.Core.Tests.CalculatorTests" runstate="Runnable" seed="1781374695" result="Passed" start-time="2016-07-16 06:33:28Z" end-time="2016-07-16 06:33:28Z" duration="0.000045" asserts="1" />
            </test-suite>
            <test-suite type="ParameterizedMethod" id="1008" name="CanSubtract" fullname="CoreDocker.Core.Tests.CalculatorTests.CanSubtract" classname="CoreDocker.Core.Tests.CalculatorTests" runstate="Runnable" testcasecount="3" result="Passed" start-time="2016-07-16 06:33:28Z" end-time="2016-07-16 06:33:28Z" duration="0.001541" total="3" passed="3" failed="0" inconclusive="0" skipped="0" asserts="3">
              <test-case id="1005" name="CanSubtract(1,1,0)" fullname="CoreDocker.Core.Tests.CalculatorTests.CanSubtract(1,1,0)" methodname="CanSubtract" classname="CoreDocker.Core.Tests.CalculatorTests" runstate="Runnable" seed="1912703812" result="Passed" start-time="2016-07-16 06:33:28Z" end-time="2016-07-16 06:33:28Z" duration="0.000263" asserts="1" />
              <test-case id="1006" name="CanSubtract(-1,-1,0)" fullname="CoreDocker.Core.Tests.CalculatorTests.CanSubtract(-1,-1,0)" methodname="CanSubtract" classname="CoreDocker.Core.Tests.CalculatorTests" runstate="Runnable" seed="220359599" result="Passed" start-time="2016-07-16 06:33:28Z" end-time="2016-07-16 06:33:28Z" duration="0.000047" asserts="1" />
              <test-case id="1007" name="CanSubtract(100,5,95)" fullname="CoreDocker.Core.Tests.CalculatorTests.CanSubtract(100,5,95)" methodname="CanSubtract" classname="CoreDocker.Core.Tests.CalculatorTests" runstate="Runnable" seed="1998252981" result="Passed" start-time="2016-07-16 06:33:28Z" end-time="2016-07-16 06:33:28Z" duration="0.000044" asserts="1" />
            </test-suite>
          </test-suite>
        </test-suite>
      </test-suite>
    </test-suite>
  </test-suite>
</test-run>